<?xml version="1.0" encoding="UTF-8"?>
<!-- Generated by org.testng.reporters.JUnitXMLReporter -->
<testsuite ignored="0" hostname="DESKTOP-O7P3JCP" failures="3" tests="6" name="Navigate and Verify Home Page" time="124.94" errors="0" timestamp="08 Apr 2023 21:01:26 GMT">
  <testcase classname="io.cucumber.testng.AbstractTestNGCucumberTests" name="runScenario" time="18.347">
    <failure type="junit.framework.ComparisonFailure" message="expected:&amp;lt;SAR&amp;gt; but was:&amp;lt;BHD&amp;gt;">
      <![CDATA[junit.framework.ComparisonFailure: expected:<SAR> but was:<BHD>
at junit.framework.Assert.assertEquals(Assert.java:81)
at junit.framework.Assert.assertEquals(Assert.java:87)
at ApplicationPages.SubscriptionPage.verifySubscriptionCurruncy(SubscriptionPage.java:99)
at stepdefs.SubscriptionPageSteps.aUserVerifySubscriptionTypeCurruncy(SubscriptionPageSteps.java:58)
at ✽.User Note Type LITE Currency is SAR for the Country BAH(file:src/test/resources/features/SubscriptionPage/01_BAHSub.feature:8)
]]>
    </failure>
  </testcase> <!-- runScenario -->
  <testcase classname="io.cucumber.testng.AbstractTestNGCucumberTests" name="runScenario" time="17.733">
    <failure type="junit.framework.ComparisonFailure" message="expected:&amp;lt;SAR&amp;gt; but was:&amp;lt;BHD&amp;gt;">
      <![CDATA[junit.framework.ComparisonFailure: expected:<SAR> but was:<BHD>
at junit.framework.Assert.assertEquals(Assert.java:81)
at junit.framework.Assert.assertEquals(Assert.java:87)
at ApplicationPages.SubscriptionPage.verifySubscriptionCurruncy(SubscriptionPage.java:99)
at stepdefs.SubscriptionPageSteps.aUserVerifySubscriptionTypeCurruncy(SubscriptionPageSteps.java:58)
at ✽.User Note Type CLASSIC Currency is SAR for the Country BAH(file:src/test/resources/features/SubscriptionPage/01_BAHSub.feature:8)
]]>
    </failure>
  </testcase> <!-- runScenario -->
  <testcase classname="io.cucumber.testng.AbstractTestNGCucumberTests" name="runScenario" time="20.571">
    <failure type="junit.framework.ComparisonFailure" message="expected:&amp;lt;SAR&amp;gt; but was:&amp;lt;BHD&amp;gt;">
      <![CDATA[junit.framework.ComparisonFailure: expected:<SAR> but was:<BHD>
at junit.framework.Assert.assertEquals(Assert.java:81)
at junit.framework.Assert.assertEquals(Assert.java:87)
at ApplicationPages.SubscriptionPage.verifySubscriptionCurruncy(SubscriptionPage.java:99)
at stepdefs.SubscriptionPageSteps.aUserVerifySubscriptionTypeCurruncy(SubscriptionPageSteps.java:58)
at ✽.User Note Type PREMIUM Currency is SAR for the Country BAH(file:src/test/resources/features/SubscriptionPage/01_BAHSub.feature:8)
]]>
    </failure>
  </testcase> <!-- runScenario -->
  <testcase classname="io.cucumber.testng.AbstractTestNGCucumberTests" name="runScenario" time="26.614"/>
  <testcase classname="io.cucumber.testng.AbstractTestNGCucumberTests" name="runScenario" time="19.425"/>
  <testcase classname="io.cucumber.testng.AbstractTestNGCucumberTests" name="runScenario" time="21.872"/>
</testsuite> <!-- Navigate and Verify Home Page -->
